<?xml version="1.0" encoding="UTF-8" ?>
<testsuite failures="0" time="0.023" errors="0" skipped="0" tests="7" name="org.glassfish.json.tests.JsonObjectTest">
  <properties>
[...]
</properties>
  <testcase time="0" classname="org.glassfish.json.tests.JsonObjectTest" name="test"/>
  <testcase time="0.004" classname="org.glassfish.json.tests.JsonObjectTest" name="testClassCastException"/>
  <testcase time="0.002" classname="org.glassfish.json.tests.JsonObjectTest" name="testPut"/>
  <testcase time="0.001" classname="org.glassfish.json.tests.JsonObjectTest" name="testRemove"/>
  <testcase time="0.01" classname="org.glassfish.json.tests.JsonObjectTest" name="testObjectBuilderNpe"/>
  <testcase time="0.001" classname="org.glassfish.json.tests.JsonObjectTest" name="testEmptyObjectEquals"/>
  <testcase time="0.005" classname="org.glassfish.json.tests.JsonObjectTest" name="testPersonObjectEquals"/>
</testsuite>